[2m00:57:41[22m [31m[1m[vite][22m[39m [31m[2m(client)[22m[39m [2m[console.error] [22mEach child in a list should have a unique "key" prop.

Check the render method of `div`. It was passed a child from WeeklyTimeSpentChart. See https://react.dev/link/warning-keys for more information.
[2m01:39:25[22m [31m[1m[vite][22m[39m [31m[2m(client)[22m[39m [31m[Unhandled error] [1mReferenceError[22m: Fragment is not defined
[39m > src/App.jsx?t=1776634763776:975:104
 > App src/App.jsx?t=1776634763776:975:59
 > Object.react_stack_bottom_frame node_modules/.vite/deps/react-dom_client.js?v=dd44cf32:12867:12
 > renderWithHooks node_modules/.vite/deps/react-dom_client.js?v=dd44cf32:4212:19
 > updateFunctionComponent node_modules/.vite/deps/react-dom_client.js?v=dd44cf32:5568:16
 > beginWork node_modules/.vite/deps/react-dom_client.js?v=dd44cf32:6139:20
 > runWithFiberInDEV node_modules/.vite/deps/react-dom_client.js?v=dd44cf32:850:66
 > performUnitOfWork node_modules/.vite/deps/react-dom_client.js?v=dd44cf32:8428:92
 > workLoopSync node_modules/.vite/deps/react-dom_client.js?v=dd44cf32:8324:37

[2m01:39:25[22m [33m[1m[vite][22m[39m [33m[2m(client)[22m[39m [2m[console.warn] [22mAn error occurred in the <App> component.

Consider adding an error boundary to your tree to customize error handling behavior.
Visit https://react.dev/link/error-boundaries to learn more about error boundaries.

[2m01:39:25[22m [31m[1m[vite][22m[39m [31m[2m(client)[22m[39m [31m[Unhandled error] [1mReferenceError[22m: Fragment is not defined
[39m > src/App.jsx?t=1776634763776:975:104
 > App src/App.jsx?t=1776634763776:975:59
 > Object.react_stack_bottom_frame node_modules/react-dom/cjs/react-dom-client.development.js:25904:19
 > renderWithHooks node_modules/react-dom/cjs/react-dom-client.development.js:7662:21
 > updateFunctionComponent node_modules/react-dom/cjs/react-dom-client.development.js:10166:18
 > beginWork node_modules/react-dom/cjs/react-dom-client.development.js:11778:17
 > runWithFiberInDEV node_modules/react-dom/cjs/react-dom-client.development.js:871:29
 > performUnitOfWork node_modules/react-dom/cjs/react-dom-client.development.js:17641:21
 > workLoopSync node_modules/react-dom/cjs/react-dom-client.development.js:17469:40

[2m01:39:25[22m [33m[1m[vite][22m[39m [33m[2m(client)[22m[39m [2m[console.warn] [22mAn error occurred in the <App> component.

Consider adding an error boundary to your tree to customize error handling behavior.
Visit https://react.dev/link/error-boundaries to learn more about error boundaries.

[2m01:44:02[22m [31m[1m[vite][22m[39m [31m[2m(client)[22m[39m [2m[console.error] [22m[vite] Failed to reload /src/components/glass-separator.tsx. This could be due to syntax errors or importing non-existent modules. (see errors above)
[2m18:37:03[22m [31m[1m[vite][22m[39m [31m[2m(client)[22m[39m [2m[console.error] [22mInvalid hook call. Hooks can only be called inside of the body of a function component. This could happen for one of the following reasons:
1. You might have mismatching versions of React and the renderer (such as React DOM)
2. You might be breaking the Rules of Hooks
3. You might have more than one copy of React in the same app
See https://react.dev/link/invalid-hook-call for tips about how to debug and fix this problem.
[2m18:37:03[22m [31m[1m[vite][22m[39m [31m[2m(client)[22m[39m [2m[console.error] [22mInvalid hook call. Hooks can only be called inside of the body of a function component. This could happen for one of the following reasons:
1. You might have mismatching versions of React and the renderer (such as React DOM)
2. You might be breaking the Rules of Hooks
3. You might have more than one copy of React in the same app
See https://react.dev/link/invalid-hook-call for tips about how to debug and fix this problem.
[2m18:37:03[22m [31m[1m[vite][22m[39m [31m[2m(client)[22m[39m [31m[Unhandled error] [1mTypeError[22m: Cannot read properties of null (reading 'useMemo')
[39m > exports.useMemo node_modules/react/cjs/react.development.js:1251:33
 > useScope node_modules/.vite/deps/@radix-ui_react-select.js?v=d4203a70:53:24
 > Select node_modules/.vite/deps/@radix-ui_react-select.js?v=d4203a70:3480:22
 > Object.react_stack_bottom_frame node_modules/react-dom/cjs/react-dom-client.development.js:25904:19
 > renderWithHooks node_modules/react-dom/cjs/react-dom-client.development.js:7662:21
 > updateFunctionComponent node_modules/react-dom/cjs/react-dom-client.development.js:10166:18
 > beginWork node_modules/react-dom/cjs/react-dom-client.development.js:11778:17
 > runWithFiberInDEV node_modules/react-dom/cjs/react-dom-client.development.js:871:29
 > performUnitOfWork node_modules/react-dom/cjs/react-dom-client.development.js:17641:21
 > workLoopSync node_modules/react-dom/cjs/react-dom-client.development.js:17469:40

[2m18:37:03[22m [33m[1m[vite][22m[39m [33m[2m(client)[22m[39m [2m[console.warn] [22mAn error occurred in the <Select> component.

Consider adding an error boundary to your tree to customize error handling behavior.
Visit https://react.dev/link/error-boundaries to learn more about error boundaries.

[2m18:37:03[22m [31m[1m[vite][22m[39m [31m[2m(client)[22m[39m [2m[console.error] [22mInvalid hook call. Hooks can only be called inside of the body of a function component. This could happen for one of the following reasons:
1. You might have mismatching versions of React and the renderer (such as React DOM)
2. You might be breaking the Rules of Hooks
3. You might have more than one copy of React in the same app
See https://react.dev/link/invalid-hook-call for tips about how to debug and fix this problem.
[2m18:37:03[22m [31m[1m[vite][22m[39m [31m[2m(client)[22m[39m [2m[console.error] [22mInvalid hook call. Hooks can only be called inside of the body of a function component. This could happen for one of the following reasons:
1. You might have mismatching versions of React and the renderer (such as React DOM)
2. You might be breaking the Rules of Hooks
3. You might have more than one copy of React in the same app
See https://react.dev/link/invalid-hook-call for tips about how to debug and fix this problem.
[2m18:37:03[22m [31m[1m[vite][22m[39m [31m[2m(client)[22m[39m [31m[Unhandled error] [1mTypeError[22m: Cannot read properties of null (reading 'useMemo')
[39m > exports.useMemo node_modules/react/cjs/react.development.js:1251:33
 > useScope node_modules/.vite/deps/@radix-ui_react-select.js?v=d4203a70:53:24
 > Select node_modules/.vite/deps/@radix-ui_react-select.js?v=d4203a70:3480:22
 > Object.react_stack_bottom_frame node_modules/react-dom/cjs/react-dom-client.development.js:25904:19
 > renderWithHooks node_modules/react-dom/cjs/react-dom-client.development.js:7662:21
 > updateFunctionComponent node_modules/react-dom/cjs/react-dom-client.development.js:10166:18
 > beginWork node_modules/react-dom/cjs/react-dom-client.development.js:11778:17
 > runWithFiberInDEV node_modules/react-dom/cjs/react-dom-client.development.js:871:29
 > performUnitOfWork node_modules/react-dom/cjs/react-dom-client.development.js:17641:21
 > workLoopSync node_modules/react-dom/cjs/react-dom-client.development.js:17469:40

[2m18:37:03[22m [33m[1m[vite][22m[39m [33m[2m(client)[22m[39m [2m[console.warn] [22mAn error occurred in the <Select> component.

Consider adding an error boundary to your tree to customize error handling behavior.
Visit https://react.dev/link/error-boundaries to learn more about error boundaries.

[2m21:50:39[22m [31m[1m[vite][22m[39m [31m[2m(client)[22m[39m [31m[Unhandled error] [1mReferenceError[22m: POMODORO_SECONDS is not defined
[39m > App src/App.jsx?t=1776707438380:466:51
 > Object.react_stack_bottom_frame node_modules/.vite/deps/react-dom_client.js?v=ffd524a6:12867:12
 > renderWithHooks node_modules/.vite/deps/react-dom_client.js?v=ffd524a6:4212:19
 > updateFunctionComponent node_modules/.vite/deps/react-dom_client.js?v=ffd524a6:5568:16
 > beginWork node_modules/.vite/deps/react-dom_client.js?v=ffd524a6:6139:20
 > runWithFiberInDEV node_modules/.vite/deps/react-dom_client.js?v=ffd524a6:850:66
 > performUnitOfWork node_modules/.vite/deps/react-dom_client.js?v=ffd524a6:8428:92
 > workLoopSync node_modules/.vite/deps/react-dom_client.js?v=ffd524a6:8324:37
 > renderRootSync node_modules/.vite/deps/react-dom_client.js?v=ffd524a6:8308:6
 > performWorkOnRoot node_modules/.vite/deps/react-dom_client.js?v=ffd524a6:7993:27

[2m21:50:39[22m [33m[1m[vite][22m[39m [33m[2m(client)[22m[39m [2m[console.warn] [22mAn error occurred in the <App> component.

Consider adding an error boundary to your tree to customize error handling behavior.
Visit https://react.dev/link/error-boundaries to learn more about error boundaries.

[2m21:50:39[22m [31m[1m[vite][22m[39m [31m[2m(client)[22m[39m [31m[Unhandled error] [1mReferenceError[22m: POMODORO_SECONDS is not defined
[39m > App src/App.jsx?t=1776707438380:466:51
 > Object.react_stack_bottom_frame node_modules/react-dom/cjs/react-dom-client.development.js:25904:19
 > renderWithHooks node_modules/react-dom/cjs/react-dom-client.development.js:7662:21
 > updateFunctionComponent node_modules/react-dom/cjs/react-dom-client.development.js:10166:18
 > beginWork node_modules/react-dom/cjs/react-dom-client.development.js:11778:17
 > runWithFiberInDEV node_modules/react-dom/cjs/react-dom-client.development.js:871:29
 > performUnitOfWork node_modules/react-dom/cjs/react-dom-client.development.js:17641:21
 > workLoopSync node_modules/react-dom/cjs/react-dom-client.development.js:17469:40
 > renderRootSync node_modules/react-dom/cjs/react-dom-client.development.js:17450:10
 > performWorkOnRoot node_modules/react-dom/cjs/react-dom-client.development.js:16583:34

[2m21:50:39[22m [33m[1m[vite][22m[39m [33m[2m(client)[22m[39m [2m[console.warn] [22mAn error occurred in the <App> component.

Consider adding an error boundary to your tree to customize error handling behavior.
Visit https://react.dev/link/error-boundaries to learn more about error boundaries.

[2m21:50:55[22m [31m[1m[vite][22m[39m [31m[2m(client)[22m[39m [2m[console.error] [22mThe final argument passed to useEffect changed size between renders. The order and size of this array must remain constant.

Previous: [, , function () { [native code] }, function () { [native code] }, focus, false]
Incoming: [, , 300, 1500, function () { [native code] }, function () { [native code] }, focus, false]
[2m21:53:13[22m [31m[1m[vite][22m[39m [31m[2m(client)[22m[39m [31m[Unhandled error] [1mReferenceError[22m: selectedSessionTasks is not defined
[39m > App src/App.jsx:442:12
    440 |          })),
    441 |          ...(taskHistorySession
    442 |            ? selectedSessionTasks
        |              ^
    443 |            .filter((task) => !tasks.some((savedTask) => savedTask.id === task.id))
    444 |            .map((task) => ({
 > Object.react_stack_bottom_frame node_modules/react-dom/cjs/react-dom-client.development.js:25904:19
 > renderWithHooks node_modules/react-dom/cjs/react-dom-client.development.js:7662:21
 > updateFunctionComponent node_modules/react-dom/cjs/react-dom-client.development.js:10166:18
 > beginWork node_modules/react-dom/cjs/react-dom-client.development.js:11778:17
 > runWithFiberInDEV node_modules/react-dom/cjs/react-dom-client.development.js:871:29
 > performUnitOfWork node_modules/react-dom/cjs/react-dom-client.development.js:17641:21
 > workLoopSync node_modules/react-dom/cjs/react-dom-client.development.js:17469:40
 > renderRootSync node_modules/react-dom/cjs/react-dom-client.development.js:17450:10
 > performWorkOnRoot node_modules/react-dom/cjs/react-dom-client.development.js:16583:34

[2m21:53:13[22m [33m[1m[vite][22m[39m [33m[2m(client)[22m[39m [2m[console.warn] [22mAn error occurred in the <App> component.

Consider adding an error boundary to your tree to customize error handling behavior.
Visit https://react.dev/link/error-boundaries to learn more about error boundaries.

